<!DOCTYPE html PUBLIC "-//W3C//DTD XHTML 1.1//EN" "http://www.w3.org/TR/xhtml11/DTD/xhtml11.dtd">
<html xmlns="http://www.w3.org/1999/xhtml">
<head>
<meta http-equiv="content-type" content="text/html; charset=UTF-8"/>
<title>TestNG Report</title>
<style type="text/css">table {margin-bottom:10px;border-collapse:collapse;empty-cells:show}th,td {border:1px solid #009;padding:.25em .5em}th {vertical-align:bottom}td {vertical-align:top}table a {font-weight:bold}.stripe td {background-color: #E6EBF9}.num {text-align:right}.passedodd td {background-color: #3F3}.passedeven td {background-color: #0A0}.skippedodd td {background-color: #DDD}.skippedeven td {background-color: #CCC}.failedodd td,.attn {background-color: #F33}.failedeven td,.stripe .attn {background-color: #D00}.stacktrace {white-space:pre;font-family:monospace}.totop {font-size:85%;text-align:center;border-bottom:2px solid #000}.invisible {display:none}</style>
</head>
<body>
<table>
<tr><th>Test</th><th># Passed</th><th># Skipped</th><th># Failed</th><th>Time (ms)</th><th>Included Groups</th><th>Excluded Groups</th></tr>
<tr><th colspan="7">QuickHire Suite</th></tr>
<tr><td><a href="#t0">QuickHire Test2</a></td><td class="num">7</td><td class="num">0</td><td class="num attn">2</td><td class="num">361,580</td><td></td><td></td></tr>
</table>
<table id='summary'><thead><tr><th>Class</th><th>Method</th><th>Start</th><th>Time (ms)</th></tr></thead><tbody><tr><th colspan="4">QuickHire Suite</th></tr></tbody><tbody id="t0"><tr><th colspan="4">QuickHire Test2 &#8212; failed</th></tr><tr class="failedeven"><td rowspan="1">org.automation.testcases.TC_003_Validate_Multiselect_button_functionality</td><td><a href="#m0">SelectAllButton</a></td><td rowspan="1">1607515432239</td><td rowspan="1">72898</td></tr><tr class="failedodd"><td rowspan="1">org.automation.testcases.TC_008_Iframe_New_Window</td><td><a href="#m1">WindowHandleDemo</a></td><td rowspan="1">1607515658959</td><td rowspan="1">7867</td></tr><tr><th colspan="4">QuickHire Test2 &#8212; passed</th></tr><tr class="passedeven"><td rowspan="1">org.automation.testcases.TC_001_Validate_Question_Template_Creation</td><td><a href="#m2">templateCreation</a></td><td rowspan="1">1607515373146</td><td rowspan="1">40110</td></tr><tr class="passedodd"><td rowspan="2">org.automation.testcases.TC_002_Validate_Template_Listing_Screen</td><td><a href="#m3">validateFieldsDisplayed</a></td><td rowspan="1">1607515686150</td><td rowspan="1">4953</td></tr><tr class="passedodd"><td><a href="#m4">verifyValidationOnNoRecords</a></td><td rowspan="1">1607515710089</td><td rowspan="1">5041</td></tr><tr class="passedeven"><td rowspan="1">org.automation.testcases.TC_004_Validate_Columns_in_Listing_Screen</td><td><a href="#m5">validateColumns</a></td><td rowspan="1">1607515524288</td><td rowspan="1">5285</td></tr><tr class="passedodd"><td rowspan="1">org.automation.testcases.TC_005_Validate_Hide_Inactive_functionality</td><td><a href="#m6">HideInactiveCheckbox</a></td><td rowspan="1">1607515548535</td><td rowspan="1">26854</td></tr><tr class="passedeven"><td rowspan="1">org.automation.testcases.TC_006_Validate_Error_Messages_Question_Template</td><td><a href="#m7">errorMessage</a></td><td rowspan="1">1607515594836</td><td rowspan="1">16334</td></tr><tr class="passedodd"><td rowspan="1">org.automation.testcases.TC_007_Validate_Fields_Application_Question_Tab</td><td><a href="#m8">validateFields</a></td><td rowspan="1">1607515630172</td><td rowspan="1">9935</td></tr></tbody>
</table>
<h2>QuickHire Test2</h2><h3 id="m0">org.automation.testcases.TC_003_Validate_Multiselect_button_functionality#SelectAllButton</h3><table class="result"><tr><th>Exception</th></tr><tr><td><div class="stacktrace">org.openqa.selenium.NoSuchElementException: no such element: Unable to locate element: {&quot;method&quot;:&quot;xpath&quot;,&quot;selector&quot;:&quot;//*[contains(text(),&apos;The template has been successfully saved.&apos;)]&quot;}
  (Session info: chrome=87.0.4280.88)
For documentation on this error, please visit: https://www.seleniumhq.org/exceptions/no_such_element.html
Build info: version: &apos;3.141.59&apos;, revision: &apos;e82be7d358&apos;, time: &apos;2018-11-14T08:17:03&apos;
System info: host: &apos;MUMSDALVI&apos;, ip: &apos;172.17.1.248&apos;, os.name: &apos;Windows 10&apos;, os.arch: &apos;amd64&apos;, os.version: &apos;10.0&apos;, java.version: &apos;1.8.0_201&apos;
Driver info: org.openqa.selenium.chrome.ChromeDriver
Capabilities {acceptInsecureCerts: false, browserName: chrome, browserVersion: 87.0.4280.88, chrome: {chromedriverVersion: 86.0.4240.22 (398b0743353ff..., userDataDir: C:\Users\sdalvi\AppData\Loc...}, goog:chromeOptions: {debuggerAddress: localhost:52424}, javascriptEnabled: true, networkConnectionEnabled: false, pageLoadStrategy: normal, platform: WINDOWS, platformName: WINDOWS, proxy: Proxy(), setWindowRect: true, strictFileInteractability: false, timeouts: {implicit: 0, pageLoad: 300000, script: 30000}, unhandledPromptBehavior: dismiss and notify, webauthn:virtualAuthenticators: true}
Session ID: 97387e396763a104a1f408087c7a98fa
*** Element info: {Using=xpath, value=//*[contains(text(),&apos;The template has been successfully saved.&apos;)]}
	at org.openqa.selenium.remote.http.W3CHttpResponseCodec.createException(W3CHttpResponseCodec.java:187)
	at org.openqa.selenium.remote.http.W3CHttpResponseCodec.decode(W3CHttpResponseCodec.java:122)
	at org.openqa.selenium.remote.http.W3CHttpResponseCodec.decode(W3CHttpResponseCodec.java:49)
	at org.openqa.selenium.remote.HttpCommandExecutor.execute(HttpCommandExecutor.java:158)
	at org.openqa.selenium.remote.service.DriverCommandExecutor.execute(DriverCommandExecutor.java:83)
	at org.openqa.selenium.remote.RemoteWebDriver.execute(RemoteWebDriver.java:552)
	at org.openqa.selenium.remote.RemoteWebDriver.findElement(RemoteWebDriver.java:323)
	at org.openqa.selenium.remote.RemoteWebDriver.findElementByXPath(RemoteWebDriver.java:428)
	at org.openqa.selenium.By$ByXPath.findElement(By.java:353)
	at org.openqa.selenium.remote.RemoteWebDriver.findElement(RemoteWebDriver.java:315)
	at org.automation.base.BaseClass.locateElement(BaseClass.java:135)
	at org.automation.testcases.TC_003_Validate_Multiselect_button_functionality.SelectAllButton(TC_003_Validate_Multiselect_button_functionality.java:54)
	at com.sun.proxy.$Proxy2.stop(Unknown Source)
	at java.util.concurrent.ThreadPoolExecutor.runWorker(Unknown Source)
	at java.util.concurrent.ThreadPoolExecutor$Worker.run(Unknown Source)
	at java.lang.Thread.run(Unknown Source)
... Removed 50 stack frames</div></td></tr></table><p class="totop"><a href="#summary">back to summary</a></p>
<h3 id="m1">org.automation.testcases.TC_008_Iframe_New_Window#WindowHandleDemo</h3><table class="result"><tr><th>Exception</th></tr><tr><td><div class="stacktrace">org.openqa.selenium.ElementNotInteractableException: element not interactable
  (Session info: chrome=87.0.4280.88)
Build info: version: &apos;3.141.59&apos;, revision: &apos;e82be7d358&apos;, time: &apos;2018-11-14T08:17:03&apos;
System info: host: &apos;MUMSDALVI&apos;, ip: &apos;172.17.1.248&apos;, os.name: &apos;Windows 10&apos;, os.arch: &apos;amd64&apos;, os.version: &apos;10.0&apos;, java.version: &apos;1.8.0_201&apos;
Driver info: org.openqa.selenium.chrome.ChromeDriver
Capabilities {acceptInsecureCerts: false, browserName: chrome, browserVersion: 87.0.4280.88, chrome: {chromedriverVersion: 86.0.4240.22 (398b0743353ff..., userDataDir: C:\Users\sdalvi\AppData\Loc...}, goog:chromeOptions: {debuggerAddress: localhost:52600}, javascriptEnabled: true, networkConnectionEnabled: false, pageLoadStrategy: normal, platform: WINDOWS, platformName: WINDOWS, proxy: Proxy(), setWindowRect: true, strictFileInteractability: false, timeouts: {implicit: 0, pageLoad: 300000, script: 30000}, unhandledPromptBehavior: dismiss and notify, webauthn:virtualAuthenticators: true}
Session ID: fa8e5ab09ba1b9a65045bfe5c723108b
	at org.openqa.selenium.remote.http.W3CHttpResponseCodec.createException(W3CHttpResponseCodec.java:187)
	at org.openqa.selenium.remote.http.W3CHttpResponseCodec.decode(W3CHttpResponseCodec.java:122)
	at org.openqa.selenium.remote.http.W3CHttpResponseCodec.decode(W3CHttpResponseCodec.java:49)
	at org.openqa.selenium.remote.HttpCommandExecutor.execute(HttpCommandExecutor.java:158)
	at org.openqa.selenium.remote.service.DriverCommandExecutor.execute(DriverCommandExecutor.java:83)
	at org.openqa.selenium.remote.RemoteWebDriver.execute(RemoteWebDriver.java:552)
	at org.openqa.selenium.remote.RemoteWebElement.execute(RemoteWebElement.java:285)
	at org.openqa.selenium.remote.RemoteWebElement.sendKeys(RemoteWebElement.java:106)
	at org.automation.base.BaseClass.elementSendText(BaseClass.java:156)
	at org.automation.testcases.TC_008_Iframe_New_Window.WindowHandleDemo(TC_008_Iframe_New_Window.java:33)
	at com.sun.proxy.$Proxy2.stop(Unknown Source)
	at java.util.concurrent.ThreadPoolExecutor.runWorker(Unknown Source)
	at java.util.concurrent.ThreadPoolExecutor$Worker.run(Unknown Source)
	at java.lang.Thread.run(Unknown Source)
... Removed 50 stack frames</div></td></tr></table><p class="totop"><a href="#summary">back to summary</a></p>
<h3 id="m2">org.automation.testcases.TC_001_Validate_Question_Template_Creation#templateCreation</h3><table class="result"><tr><th class="invisible"/></tr></table><p class="totop"><a href="#summary">back to summary</a></p>
<h3 id="m3">org.automation.testcases.TC_002_Validate_Template_Listing_Screen#validateFieldsDisplayed</h3><table class="result"><tr><th class="invisible"/></tr></table><p class="totop"><a href="#summary">back to summary</a></p>
<h3 id="m4">org.automation.testcases.TC_002_Validate_Template_Listing_Screen#verifyValidationOnNoRecords</h3><table class="result"><tr><th class="invisible"/></tr></table><p class="totop"><a href="#summary">back to summary</a></p>
<h3 id="m5">org.automation.testcases.TC_004_Validate_Columns_in_Listing_Screen#validateColumns</h3><table class="result"><tr><th class="invisible"/></tr></table><p class="totop"><a href="#summary">back to summary</a></p>
<h3 id="m6">org.automation.testcases.TC_005_Validate_Hide_Inactive_functionality#HideInactiveCheckbox</h3><table class="result"><tr><th class="invisible"/></tr></table><p class="totop"><a href="#summary">back to summary</a></p>
<h3 id="m7">org.automation.testcases.TC_006_Validate_Error_Messages_Question_Template#errorMessage</h3><table class="result"><tr><th class="invisible"/></tr></table><p class="totop"><a href="#summary">back to summary</a></p>
<h3 id="m8">org.automation.testcases.TC_007_Validate_Fields_Application_Question_Tab#validateFields</h3><table class="result"><tr><th class="invisible"/></tr></table><p class="totop"><a href="#summary">back to summary</a></p>
</body>
</html>
